<?xml version="1.0" encoding="UTF-8"?>
<!-- Generated by org.testng.reporters.JUnitReportReporter -->
<testsuite skipped="0" hostname="ELF34-MANOJSHETTY" name="TestNG.Login_testng" tests="1" failures="0" timestamp="06 Jun 2022 11:43:41 GMT" time="9.287" errors="0">
  <testcase name="demo" time="9.287" classname="TestNG.Login_testng"/>
</testsuite> <!-- TestNG.Login_testng -->
