<?xml version="1.0" encoding="UTF-8"?>
<!-- Generated by org.testng.reporters.JUnitReportReporter -->
<testsuite skipped="0" hostname="ELF34-MANOJSHETTY" name="TestNG_advance_selenium_elf34.Login_testng" tests="1" failures="0" timestamp="06 Jun 2022 12:27:18 GMT" time="14.990" errors="0">
  <testcase name="demo" time="14.990" classname="TestNG_advance_selenium_elf34.Login_testng"/>
</testsuite> <!-- TestNG_advance_selenium_elf34.Login_testng -->
