<?xml version="1.0" encoding="UTF-8"?>
<!-- Generated by org.testng.reporters.JUnitReportReporter -->
<testsuite skipped="0" hostname="ELF34-MANOJSHETTY" name="_03_04_2022.methodoverloading_datadriven" tests="6" failures="0" timestamp="11 Jun 2022 03:53:47 GMT" time="0.154" errors="0">
  <testcase name="test" time="0.082" classname="_03_04_2022.methodoverloading_datadriven"/>
  <testcase name="test2" time="0.005" classname="_03_04_2022.methodoverloading_datadriven"/>
  <testcase name="test1" time="0.056" classname="_03_04_2022.methodoverloading_datadriven"/>
  <testcase name="test1" time="0.003" classname="_03_04_2022.methodoverloading_datadriven"/>
  <testcase name="test2" time="0.004" classname="_03_04_2022.methodoverloading_datadriven"/>
  <testcase name="test" time="0.004" classname="_03_04_2022.methodoverloading_datadriven"/>
</testsuite> <!-- _03_04_2022.methodoverloading_datadriven -->
