<?xml version="1.0" encoding="UTF-8"?>
<!-- Generated by org.testng.reporters.JUnitReportReporter -->
<testsuite skipped="0" hostname="ELF34-MANOJSHETTY" name="_03_04_2022.creating_data_in_excel" tests="3" failures="0" timestamp="11 Jun 2022 03:53:47 GMT" time="0.219" errors="0">
  <testcase name="Logintestcases" time="0.003" classname="_03_04_2022.creating_data_in_excel"/>
  <testcase name="Logintestcases" time="0.191" classname="_03_04_2022.creating_data_in_excel"/>
  <testcase name="Logintestcases" time="0.025" classname="_03_04_2022.creating_data_in_excel"/>
</testsuite> <!-- _03_04_2022.creating_data_in_excel -->
