<?xml version="1.0" encoding="UTF-8"?>
<!-- Generated by org.testng.reporters.JUnitReportReporter -->
<testsuite skipped="0" hostname="ELF34-MANOJSHETTY" name="_03_04_2022.Sample_class" tests="4" failures="0" timestamp="11 Jun 2022 03:53:47 GMT" time="0.056" errors="0">
  <testcase name="movies" time="0.004" classname="_03_04_2022.Sample_class"/>
  <testcase name="countries" time="0.045" classname="_03_04_2022.Sample_class"/>
  <testcase name="states" time="0.002" classname="_03_04_2022.Sample_class"/>
  <testcase name="sports" time="0.005" classname="_03_04_2022.Sample_class"/>
</testsuite> <!-- _03_04_2022.Sample_class -->
