<?xml version="1.0" encoding="UTF-8"?>
<!-- Generated by org.testng.reporters.JUnitReportReporter -->
<testsuite skipped="0" hostname="ELF34-MANOJSHETTY" name="testscripts_pom.LoginTC" tests="4" failures="0" timestamp="14 Jun 2022 07:49:30 GMT" time="21.339" errors="0">
  <testcase name="TC_01" time="3.744" classname="testscripts_pom.LoginTC"/>
  <testcase name="TC_01" time="9.480" classname="testscripts_pom.LoginTC"/>
  <testcase name="TC_01" time="4.214" classname="testscripts_pom.LoginTC"/>
  <testcase name="TC_01" time="3.901" classname="testscripts_pom.LoginTC"/>
</testsuite> <!-- testscripts_pom.LoginTC -->
