<?xml version="1.0" encoding="UTF-8"?>
<!-- Generated by org.testng.reporters.JUnitReportReporter -->
<testsuite skipped="0" hostname="ELF34-MANOJSHETTY" name="TestNG_advance_selenium_elf34.Configuration_Annotation" tests="1" failures="0" timestamp="06 Jun 2022 12:31:44 GMT" time="0.016" errors="0">
  <testcase name="test" time="0.016" classname="TestNG_advance_selenium_elf34.Configuration_Annotation"/>
</testsuite> <!-- TestNG_advance_selenium_elf34.Configuration_Annotation -->
