<?xml version="1.0" encoding="UTF-8"?>
<!-- Generated by org.testng.reporters.JUnitReportReporter -->
<testsuite skipped="0" hostname="ELF34-MANOJSHETTY" name="_03_04_2022.datadriven_output_in_another_class" tests="11" failures="0" timestamp="09 Jun 2022 10:10:51 GMT" time="0.056" errors="0">
  <testcase name="logintestcase" time="0.001" classname="_03_04_2022.datadriven_output_in_another_class"/>
  <testcase name="logintestcase" time="0.014" classname="_03_04_2022.datadriven_output_in_another_class"/>
  <testcase name="logintestcase" time="0.002" classname="_03_04_2022.datadriven_output_in_another_class"/>
  <testcase name="logintestcase" time="0.002" classname="_03_04_2022.datadriven_output_in_another_class"/>
  <testcase name="logintestcase" time="0.001" classname="_03_04_2022.datadriven_output_in_another_class"/>
  <testcase name="logintestcase" time="0.013" classname="_03_04_2022.datadriven_output_in_another_class"/>
  <testcase name="logintestcase" time="0.005" classname="_03_04_2022.datadriven_output_in_another_class"/>
  <testcase name="logintestcase" time="0.006" classname="_03_04_2022.datadriven_output_in_another_class"/>
  <testcase name="logintestcase" time="0.004" classname="_03_04_2022.datadriven_output_in_another_class"/>
  <testcase name="logintestcase" time="0.004" classname="_03_04_2022.datadriven_output_in_another_class"/>
  <testcase name="logintestcase" time="0.004" classname="_03_04_2022.datadriven_output_in_another_class"/>
</testsuite> <!-- _03_04_2022.datadriven_output_in_another_class -->
